0 info it worked if it ends with ok
1 verbose cli [ 'c:\\Program Files\\nodejs\\node.exe',
1 verbose cli   'c:\\Users\\noahh_000\\AppData\\Roaming\\npm\\node_modules\\npm\\bin\\npm-cli.js',
1 verbose cli   'start',
1 verbose cli   '--dev' ]
2 info using npm@2.4.1
3 info using node@v0.10.36
4 verbose run-script [ 'prestart', 'start', 'poststart' ]
5 info prestart PAMM-Site@0.0.1
6 info start PAMM-Site@0.0.1
7 verbose unsafe-perm in lifecycle true
8 info PAMM-Site@0.0.1 Failed to exec start script
9 verbose stack Error: PAMM-Site@0.0.1 start: `node src/server.js`
9 verbose stack Exit status 8
9 verbose stack     at EventEmitter.<anonymous> (c:\Users\noahh_000\AppData\Roaming\npm\node_modules\npm\lib\utils\lifecycle.js:213:16)
9 verbose stack     at EventEmitter.emit (events.js:98:17)
9 verbose stack     at ChildProcess.<anonymous> (c:\Users\noahh_000\AppData\Roaming\npm\node_modules\npm\lib\utils\spawn.js:14:12)
9 verbose stack     at ChildProcess.emit (events.js:98:17)
9 verbose stack     at maybeClose (child_process.js:766:16)
9 verbose stack     at Process.ChildProcess._handle.onexit (child_process.js:833:5)
10 verbose pkgid PAMM-Site@0.0.1
11 verbose cwd C:\Users\noahh_000\Noah\Programing\PA\PAMM-Site
12 error Windows_NT 6.2.9200
13 error argv "c:\\Program Files\\nodejs\\node.exe" "c:\\Users\\noahh_000\\AppData\\Roaming\\npm\\node_modules\\npm\\bin\\npm-cli.js" "start" "--dev"
14 error node v0.10.36
15 error npm  v2.4.1
16 error code ELIFECYCLE
17 error PAMM-Site@0.0.1 start: `node src/server.js`
17 error Exit status 8
18 error Failed at the PAMM-Site@0.0.1 start script 'node src/server.js'.
18 error This is most likely a problem with the PAMM-Site package,
18 error not with npm itself.
18 error Tell the author that this fails on your system:
18 error     node src/server.js
18 error You can get their info via:
18 error     npm owner ls PAMM-Site
18 error There is likely additional logging output above.
19 verbose exit [ 1, true ]
